<?xml version="1.0" encoding="UTF-8"?>
<!-- Generated by org.testng.reporters.JUnitXMLReporter -->
<testsuite ignored="0" hostname="DESKTOP-2NSKNHG" failures="1" tests="3" name="Default test" time="334.337" errors="0" timestamp="2023-04-04T15:04:42 IST">
  <testcase classname="io.cucumber.testng.AbstractTestNGCucumberTests" name="runScenario" time="264.773"/>
  <testcase classname="io.cucumber.testng.AbstractTestNGCucumberTests" name="runScenario" time="35.115">
    <failure type="java.lang.AssertionError" message="expected [false] but found [true]">
      <![CDATA[java.lang.AssertionError: expected [false] but found [true]
at org.testng.Assert.fail(Assert.java:110)
at org.testng.Assert.failNotEquals(Assert.java:1413)
at org.testng.Assert.assertFalse(Assert.java:78)
at org.testng.Assert.assertFalse(Assert.java:88)
at com.amazon.automation.parallel.LoginStepDefinition.forgot_your_password_link_should_be_displayed(LoginStepDefinition.java:96)
at âœ½.forgot your password link should be displayed(file:///C:/Users/Admin/Desktop/Amazon%20Cucumber%20with%20positive%20negative/Amazon_Cucumber/src/test/resources/parallel/Login.feature:7)
]]>
    </failure>
  </testcase> <!-- runScenario -->
  <testcase classname="io.cucumber.testng.AbstractTestNGCucumberTests" name="runScenario" time="18.529"/>
</testsuite> <!-- Default test -->
