<?xml version="1.0" encoding="UTF-8"?>
<!-- Generated by org.testng.reporters.JUnitReportReporter -->
<testsuite hostname="DESKTOP-2NSKNHG" failures="1" tests="3" name="com.amazon.automation.testrunner.MyTestRunner_Class" time="318.417" errors="0" timestamp="2023-04-04T15:04:42 IST" skipped="0">
  <testcase classname="com.amazon.automation.testrunner.MyTestRunner_Class" name="runScenario" time="18.529"/>
  <system-out/>
  <testcase classname="com.amazon.automation.testrunner.MyTestRunner_Class" name="runScenario" time="264.773"/>
  <system-out/>
  <testcase classname="com.amazon.automation.testrunner.MyTestRunner_Class" name="runScenario" time="35.115">
    <failure message="expected [false] but found [true]" type="java.lang.AssertionError">
      <![CDATA[java.lang.AssertionError: expected [false] but found [true]
at org.testng.Assert.fail(Assert.java:110)
at org.testng.Assert.failNotEquals(Assert.java:1413)
at org.testng.Assert.assertFalse(Assert.java:78)
at org.testng.Assert.assertFalse(Assert.java:88)
at com.amazon.automation.parallel.LoginStepDefinition.forgot_your_password_link_should_be_displayed(LoginStepDefinition.java:96)
at âœ½.forgot your password link should be displayed(file:///C:/Users/Admin/Desktop/Amazon%20Cucumber%20with%20positive%20negative/Amazon_Cucumber/src/test/resources/parallel/Login.feature:7)
]]>
    </failure>
  </testcase> <!-- runScenario -->
  <system-out/>
</testsuite> <!-- com.amazon.automation.testrunner.MyTestRunner_Class -->
